-------------------------------------------------------------------------------
Test set: cms.app.PrescriptionServiceTest
-------------------------------------------------------------------------------
Tests run: 10, Failures: 1, Errors: 0, Skipped: 0, Time elapsed: 1.201 s <<< FAILURE! -- in cms.app.PrescriptionServiceTest
cms.app.PrescriptionServiceTest.createPrescription_valid_returnsResponse -- Time elapsed: 0.011 s <<< FAILURE!
java.lang.AssertionError: 

Expecting actual not to be null
	at cms.app.PrescriptionServiceTest.createPrescription_valid_returnsResponse(PrescriptionServiceTest.java:102)
	at java.base/java.lang.reflect.Method.invoke(Method.java:565)
	at java.base/java.util.ArrayList.forEach(ArrayList.java:1604)
	at java.base/java.util.ArrayList.forEach(ArrayList.java:1604)

